MAD-R Tester
------------
   IN0   IN1   IN2   IN3   IN4   IN5   IN6   -->  OUT0  OUT1  OUT2  OUT3  OUT4
   Addr0 Addr1 Addr2 Addr3 /ROM  MODE  /RES  -->  /ROM0 /ROM1 /SRAM  /AUX /ROM
00  0     0     0     0     0     0     0      04  0     0     1     0     0     bad
01  1     0     0     0     0     0     0      04  0     0     1     0     0     bad
02  0     1     0     0     0     0     0      04  0     0     1     0     0     bad
03  1     1     0     0     0     0     0      04  0     0     1     0     0     bad
04  0     0     1     0     0     0     0      04  0     0     1     0     0     bad
05  1     0     1     0     0     0     0      04  0     0     1     0     0     bad
06  0     1     1     0     0     0     0      04  0     0     1     0     0     bad
07  1     1     1     0     0     0     0      04  0     0     1     0     0     bad
08  0     0     0     1     0     0     0      04  0     0     1     0     0     bad
09  1     0     0     1     0     0     0      04  0     0     1     0     0     bad
0A  0     1     0     1     0     0     0      04  0     0     1     0     0     bad
0B  1     1     0     1     0     0     0      04  0     0     1     0     0     bad
0C  0     0     1     1     0     0     0      04  0     0     1     0     0     bad
0D  1     0     1     1     0     0     0      04  0     0     1     0     0     bad
0E  0     1     1     1     0     0     0      04  0     0     1     0     0     bad
0F  1     1     1     1     0     0     0      04  0     0     1     0     0     bad
10  0     0     0     0     1     0     0      04  0     0     1     0     0     bad
11  1     0     0     0     1     0     0      04  0     0     1     0     0     bad
12  0     1     0     0     1     0     0      04  0     0     1     0     0     bad
13  1     1     0     0     1     0     0      04  0     0     1     0     0     bad
14  0     0     1     0     1     0     0      04  0     0     1     0     0     bad
15  1     0     1     0     1     0     0      04  0     0     1     0     0     bad
16  0     1     1     0     1     0     0      04  0     0     1     0     0     bad
17  1     1     1     0     1     0     0      04  0     0     1     0     0     bad
18  0     0     0     1     1     0     0      04  0     0     1     0     0     bad
19  1     0     0     1     1     0     0      04  0     0     1     0     0     bad
1A  0     1     0     1     1     0     0      04  0     0     1     0     0     bad
1B  1     1     0     1     1     0     0      04  0     0     1     0     0     bad
1C  0     0     1     1     1     0     0      04  0     0     1     0     0     bad
1D  1     0     1     1     1     0     0      04  0     0     1     0     0     bad
1E  0     1     1     1     1     0     0      04  0     0     1     0     0     bad
1F  1     1     1     1     1     0     0      04  0     0     1     0     0     bad
20  0     0     0     0     0     1     0      04  0     0     1     0     0     bad
21  1     0     0     0     0     1     0      04  0     0     1     0     0     bad
22  0     1     0     0     0     1     0      04  0     0     1     0     0     bad
23  1     1     0     0     0     1     0      04  0     0     1     0     0     bad
24  0     0     1     0     0     1     0      04  0     0     1     0     0     bad
25  1     0     1     0     0     1     0      04  0     0     1     0     0     bad
26  0     1     1     0     0     1     0      04  0     0     1     0     0     bad
27  1     1     1     0     0     1     0      04  0     0     1     0     0     bad
28  0     0     0     1     0     1     0      04  0     0     1     0     0     bad
29  1     0     0     1     0     1     0      04  0     0     1     0     0     bad
2A  0     1     0     1     0     1     0      04  0     0     1     0     0     bad
2B  1     1     0     1     0     1     0      04  0     0     1     0     0     bad
2C  0     0     1     1     0     1     0      04  0     0     1     0     0     bad
2D  1     0     1     1     0     1     0      04  0     0     1     0     0     bad
2E  0     1     1     1     0     1     0      04  0     0     1     0     0     bad
2F  1     1     1     1     0     1     0      04  0     0     1     0     0     bad
30  0     0     0     0     1     1     0      04  0     0     1     0     0     bad
31  1     0     0     0     1     1     0      04  0     0     1     0     0     bad
32  0     1     0     0     1     1     0      04  0     0     1     0     0     bad
33  1     1     0     0     1     1     0      04  0     0     1     0     0     bad
34  0     0     1     0     1     1     0      04  0     0     1     0     0     bad
35  1     0     1     0     1     1     0      04  0     0     1     0     0     bad
36  0     1     1     0     1     1     0      04  0     0     1     0     0     bad
37  1     1     1     0     1     1     0      04  0     0     1     0     0     bad
38  0     0     0     1     1     1     0      04  0     0     1     0     0     bad
39  1     0     0     1     1     1     0      04  0     0     1     0     0     bad
3A  0     1     0     1     1     1     0      04  0     0     1     0     0     bad
3B  1     1     0     1     1     1     0      04  0     0     1     0     0     bad
3C  0     0     1     1     1     1     0      04  0     0     1     0     0     bad
3D  1     0     1     1     1     1     0      04  0     0     1     0     0     bad
3E  0     1     1     1     1     1     0      04  0     0     1     0     0     bad
3F  1     1     1     1     1     1     0      04  0     0     1     0     0     bad
40  0     0     0     0     0     0     1      04  0     0     1     0     0     bad
41  1     0     0     0     0     0     1      04  0     0     1     0     0     bad
42  0     1     0     0     0     0     1      04  0     0     1     0     0     bad
43  1     1     0     0     0     0     1      04  0     0     1     0     0     bad
44  0     0     1     0     0     0     1      04  0     0     1     0     0     bad
45  1     0     1     0     0     0     1      04  0     0     1     0     0     bad
46  0     1     1     0     0     0     1      04  0     0     1     0     0     bad
47  1     1     1     0     0     0     1      04  0     0     1     0     0     bad
48  0     0     0     1     0     0     1      04  0     0     1     0     0     bad
49  1     0     0     1     0     0     1      04  0     0     1     0     0     bad
4A  0     1     0     1     0     0     1      04  0     0     1     0     0     bad
4B  1     1     0     1     0     0     1      04  0     0     1     0     0     bad
4C  0     0     1     1     0     0     1      04  0     0     1     0     0     bad
4D  1     0     1     1     0     0     1      04  0     0     1     0     0     bad
4E  0     1     1     1     0     0     1      04  0     0     1     0     0     bad
4F  1     1     1     1     0     0     1      04  0     0     1     0     0     bad
50  0     0     0     0     1     0     1      04  0     0     1     0     0     bad
51  1     0     0     0     1     0     1      04  0     0     1     0     0     bad
52  0     1     0     0     1     0     1      04  0     0     1     0     0     bad
53  1     1     0     0     1     0     1      04  0     0     1     0     0     bad
54  0     0     1     0     1     0     1      04  0     0     1     0     0     bad
55  1     0     1     0     1     0     1      04  0     0     1     0     0     bad
56  0     1     1     0     1     0     1      04  0     0     1     0     0     bad
57  1     1     1     0     1     0     1      04  0     0     1     0     0     bad
58  0     0     0     1     1     0     1      04  0     0     1     0     0     bad
59  1     0     0     1     1     0     1      04  0     0     1     0     0     bad
5A  0     1     0     1     1     0     1      04  0     0     1     0     0     bad
5B  1     1     0     1     1     0     1      04  0     0     1     0     0     bad
5C  0     0     1     1     1     0     1      04  0     0     1     0     0     bad
5D  1     0     1     1     1     0     1      04  0     0     1     0     0     bad
5E  0     1     1     1     1     0     1      04  0     0     1     0     0     bad
5F  1     1     1     1     1     0     1      04  0     0     1     0     0     bad
60  0     0     0     0     0     1     1      04  0     0     1     0     0     bad
61  1     0     0     0     0     1     1      04  0     0     1     0     0     bad
62  0     1     0     0     0     1     1      04  0     0     1     0     0     bad
63  1     1     0     0     0     1     1      04  0     0     1     0     0     bad
64  0     0     1     0     0     1     1      04  0     0     1     0     0     bad
65  1     0     1     0     0     1     1      04  0     0     1     0     0     bad
66  0     1     1     0     0     1     1      04  0     0     1     0     0     bad
67  1     1     1     0     0     1     1      04  0     0     1     0     0     bad
68  0     0     0     1     0     1     1      04  0     0     1     0     0     bad
69  1     0     0     1     0     1     1      04  0     0     1     0     0     bad
6A  0     1     0     1     0     1     1      04  0     0     1     0     0     bad
6B  1     1     0     1     0     1     1      04  0     0     1     0     0     bad
6C  0     0     1     1     0     1     1      04  0     0     1     0     0     bad
6D  1     0     1     1     0     1     1      04  0     0     1     0     0     bad
6E  0     1     1     1     0     1     1      04  0     0     1     0     0     bad
6F  1     1     1     1     0     1     1      04  0     0     1     0     0     bad
70  0     0     0     0     1     1     1      04  0     0     1     0     0     bad
71  1     0     0     0     1     1     1      04  0     0     1     0     0     bad
72  0     1     0     0     1     1     1      04  0     0     1     0     0     bad
73  1     1     0     0     1     1     1      04  0     0     1     0     0     bad
74  0     0     1     0     1     1     1      04  0     0     1     0     0     bad
75  1     0     1     0     1     1     1      04  0     0     1     0     0     bad
76  0     1     1     0     1     1     1      04  0     0     1     0     0     bad
77  1     1     1     0     1     1     1      04  0     0     1     0     0     bad
78  0     0     0     1     1     1     1      04  0     0     1     0     0     bad
79  1     0     0     1     1     1     1      04  0     0     1     0     0     bad
7A  0     1     0     1     1     1     1      04  0     0     1     0     0     bad
7B  1     1     0     1     1     1     1      04  0     0     1     0     0     bad
7C  0     0     1     1     1     1     1      04  0     0     1     0     0     bad
7D  1     0     1     1     1     1     1      04  0     0     1     0     0     bad
7E  0     1     1     1     1     1     1      04  0     0     1     0     0     bad
7F  1     1     1     1     1     1     1      04  0     0     1     0     0     bad
