MAD-R Tester
------------
   IN0   IN1   IN2   IN3   IN4   IN5   IN6   -->  OUT0  OUT1  OUT2  OUT3  OUT4
   Addr0 Addr1 Addr2 Addr3 /ROM  MODE  /RES  -->  /ROM0 /ROM1 /SRAM  /AUX /ROM
00  0     0     0     0     0     0     0      1F  1     1     1     1     1     ok
01  1     0     0     0     0     0     0      1F  1     1     1     1     1     ok
02  0     1     0     0     0     0     0      1F  1     1     1     1     1     ok
03  1     1     0     0     0     0     0      1F  1     1     1     1     1     ok
04  0     0     1     0     0     0     0      1F  1     1     1     1     1     ok
05  1     0     1     0     0     0     0      1F  1     1     1     1     1     ok
06  0     1     1     0     0     0     0      1F  1     1     1     1     1     ok
07  1     1     1     0     0     0     0      1F  1     1     1     1     1     ok
08  0     0     0     1     0     0     0      1F  1     1     1     1     1     ok
09  1     0     0     1     0     0     0      1F  1     1     1     1     1     ok
0A  0     1     0     1     0     0     0      1F  1     1     1     1     1     ok
0B  1     1     0     1     0     0     0      1F  1     1     1     1     1     ok
0C  0     0     1     1     0     0     0      1F  1     1     1     1     1     ok
0D  1     0     1     1     0     0     0      1F  1     1     1     1     1     ok
0E  0     1     1     1     0     0     0      1F  1     1     1     1     1     ok
0F  1     1     1     1     0     0     0      1F  1     1     1     1     1     ok
10  0     0     0     0     1     0     0      1F  1     1     1     1     1     ok
11  1     0     0     0     1     0     0      1F  1     1     1     1     1     ok
12  0     1     0     0     1     0     0      1F  1     1     1     1     1     ok
13  1     1     0     0     1     0     0      1F  1     1     1     1     1     ok
14  0     0     1     0     1     0     0      1F  1     1     1     1     1     ok
15  1     0     1     0     1     0     0      1F  1     1     1     1     1     ok
16  0     1     1     0     1     0     0      1F  1     1     1     1     1     ok
17  1     1     1     0     1     0     0      1F  1     1     1     1     1     ok
18  0     0     0     1     1     0     0      1F  1     1     1     1     1     ok
19  1     0     0     1     1     0     0      1F  1     1     1     1     1     ok
1A  0     1     0     1     1     0     0      1F  1     1     1     1     1     ok
1B  1     1     0     1     1     0     0      1F  1     1     1     1     1     ok
1C  0     0     1     1     1     0     0      1F  1     1     1     1     1     ok
1D  1     0     1     1     1     0     0      1F  1     1     1     1     1     ok
1E  0     1     1     1     1     0     0      1F  1     1     1     1     1     ok
1F  1     1     1     1     1     0     0      1F  1     1     1     1     1     ok
20  0     0     0     0     0     1     0      1F  1     1     1     1     1     ok
21  1     0     0     0     0     1     0      1F  1     1     1     1     1     ok
22  0     1     0     0     0     1     0      1F  1     1     1     1     1     ok
23  1     1     0     0     0     1     0      1F  1     1     1     1     1     ok
24  0     0     1     0     0     1     0      1F  1     1     1     1     1     ok
25  1     0     1     0     0     1     0      1F  1     1     1     1     1     ok
26  0     1     1     0     0     1     0      1F  1     1     1     1     1     ok
27  1     1     1     0     0     1     0      1F  1     1     1     1     1     ok
28  0     0     0     1     0     1     0      1F  1     1     1     1     1     ok
29  1     0     0     1     0     1     0      1F  1     1     1     1     1     ok
2A  0     1     0     1     0     1     0      1F  1     1     1     1     1     ok
2B  1     1     0     1     0     1     0      1F  1     1     1     1     1     ok
2C  0     0     1     1     0     1     0      1F  1     1     1     1     1     ok
2D  1     0     1     1     0     1     0      1F  1     1     1     1     1     ok
2E  0     1     1     1     0     1     0      1F  1     1     1     1     1     ok
2F  1     1     1     1     0     1     0      1F  1     1     1     1     1     ok
30  0     0     0     0     1     1     0      1F  1     1     1     1     1     ok
31  1     0     0     0     1     1     0      1F  1     1     1     1     1     ok
32  0     1     0     0     1     1     0      1F  1     1     1     1     1     ok
33  1     1     0     0     1     1     0      1F  1     1     1     1     1     ok
34  0     0     1     0     1     1     0      1F  1     1     1     1     1     ok
35  1     0     1     0     1     1     0      1F  1     1     1     1     1     ok
36  0     1     1     0     1     1     0      1F  1     1     1     1     1     ok
37  1     1     1     0     1     1     0      1F  1     1     1     1     1     ok
38  0     0     0     1     1     1     0      1F  1     1     1     1     1     ok
39  1     0     0     1     1     1     0      1F  1     1     1     1     1     ok
3A  0     1     0     1     1     1     0      1F  1     1     1     1     1     ok
3B  1     1     0     1     1     1     0      1F  1     1     1     1     1     ok
3C  0     0     1     1     1     1     0      1F  1     1     1     1     1     ok
3D  1     0     1     1     1     1     0      1F  1     1     1     1     1     ok
3E  0     1     1     1     1     1     0      1F  1     1     1     1     1     ok
3F  1     1     1     1     1     1     0      1F  1     1     1     1     1     ok
40  0     0     0     0     0     0     1      0E  0     1     1     1     0     ok
41  1     0     0     0     0     0     1      0E  0     1     1     1     0     ok
42  0     1     0     0     0     0     1      0E  0     1     1     1     0     ok
43  1     1     0     0     0     0     1      0E  0     1     1     1     0     ok
44  0     0     1     0     0     0     1      0D  1     0     1     1     0     ok
45  1     0     1     0     0     0     1      0D  1     0     1     1     0     ok
46  0     1     1     0     0     0     1      0D  1     0     1     1     0     ok
47  1     1     1     0     0     0     1      0D  1     0     1     1     0     ok
48  0     0     0     1     0     0     1      07  1     1     1     0     0     ok
49  1     0     0     1     0     0     1      07  1     1     1     0     0     ok
4A  0     1     0     1     0     0     1      07  1     1     1     0     0     ok
4B  1     1     0     1     0     0     1      07  1     1     1     0     0     ok
4C  0     0     1     1     0     0     1      0F  1     1     1     1     0     ok
4D  1     0     1     1     0     0     1      0F  1     1     1     1     0     ok
4E  0     1     1     1     0     0     1      0B  1     1     0     1     0     ok
4F  1     1     1     1     0     0     1      0F  1     1     1     1     0     ok
50  0     0     0     0     1     0     1      0F  1     1     1     1     0     ok
51  1     0     0     0     1     0     1      0F  1     1     1     1     0     ok
52  0     1     0     0     1     0     1      0F  1     1     1     1     0     ok
53  1     1     0     0     1     0     1      0F  1     1     1     1     0     ok
54  0     0     1     0     1     0     1      0F  1     1     1     1     0     ok
55  1     0     1     0     1     0     1      0F  1     1     1     1     0     ok
56  0     1     1     0     1     0     1      0F  1     1     1     1     0     ok
57  1     1     1     0     1     0     1      0F  1     1     1     1     0     ok
58  0     0     0     1     1     0     1      0F  1     1     1     1     0     ok
59  1     0     0     1     1     0     1      0F  1     1     1     1     0     ok
5A  0     1     0     1     1     0     1      0F  1     1     1     1     0     ok
5B  1     1     0     1     1     0     1      0F  1     1     1     1     0     ok
5C  0     0     1     1     1     0     1      0F  1     1     1     1     0     ok
5D  1     0     1     1     1     0     1      0F  1     1     1     1     0     ok
5E  0     1     1     1     1     0     1      0F  1     1     1     1     0     ok
5F  1     1     1     1     1     0     1      0F  1     1     1     1     0     ok
60  0     0     0     0     0     1     1      0E  0     1     1     1     0     ok
61  1     0     0     0     0     1     1      0E  0     1     1     1     0     ok
62  0     1     0     0     0     1     1      0E  0     1     1     1     0     ok
63  1     1     0     0     0     1     1      0E  0     1     1     1     0     ok
64  0     0     1     0     0     1     1      0D  1     0     1     1     0     ok
65  1     0     1     0     0     1     1      0D  1     0     1     1     0     ok
66  0     1     1     0     0     1     1      0D  1     0     1     1     0     ok
67  1     1     1     0     0     1     1      0D  1     0     1     1     0     ok
68  0     0     0     1     0     1     1      0E  0     1     1     1     0     ok
69  1     0     0     1     0     1     1      0E  0     1     1     1     0     ok
6A  0     1     0     1     0     1     1      0E  0     1     1     1     0     ok
6B  1     1     0     1     0     1     1      0E  0     1     1     1     0     ok
6C  0     0     1     1     0     1     1      0D  1     0     1     1     0     ok
6D  1     0     1     1     0     1     1      0D  1     0     1     1     0     ok
6E  0     1     1     1     0     1     1      0D  1     0     1     1     0     ok
6F  1     1     1     1     0     1     1      0D  1     0     1     1     0     ok
70  0     0     0     0     1     1     1      0F  1     1     1     1     0     ok
71  1     0     0     0     1     1     1      0F  1     1     1     1     0     ok
72  0     1     0     0     1     1     1      0F  1     1     1     1     0     ok
73  1     1     0     0     1     1     1      07  1     1     1     0     0     ok
74  0     0     1     0     1     1     1      0F  1     1     1     1     0     ok
75  1     0     1     0     1     1     1      0F  1     1     1     1     0     ok
76  0     1     1     0     1     1     1      0F  1     1     1     1     0     ok
77  1     1     1     0     1     1     1      0B  1     1     0     1     0     ok
78  0     0     0     1     1     1     1      0F  1     1     1     1     0     ok
79  1     0     0     1     1     1     1      0F  1     1     1     1     0     ok
7A  0     1     0     1     1     1     1      0F  1     1     1     1     0     ok
7B  1     1     0     1     1     1     1      0F  1     1     1     1     0     ok
7C  0     0     1     1     1     1     1      0F  1     1     1     1     0     ok
7D  1     0     1     1     1     1     1      0F  1     1     1     1     0     ok
7E  0     1     1     1     1     1     1      0F  1     1     1     1     0     ok
7F  1     1     1     1     1     1     1      0F  1     1     1     1     0     ok
